<?xml version="1.0" encoding="UTF-8"?>
<!-- Generated by org.testng.reporters.JUnitXMLReporter -->
<testsuite hostname="IETSMH02D098" ignored="0" name="Default test" tests="7" failures="0" timestamp="19 Mar 2018 13:31:51 GMT" time="220.181" errors="0">
  <testcase name="Cover_Pg_Change_Password_Blank_Input_Test" time="6.466" classname="Com.GeneoStudent.Testcases.Cover_Page_Change_Password_Test"/>
  <testcase name="Cover_Pg_Change_Password_Cancel_button_Test" time="6.47" classname="Com.GeneoStudent.Testcases.Cover_Page_Change_Password_Test"/>
  <testcase name="Cover_Pg_Change_Password_Alert_Ok_Button_Test" time="7.006" classname="Com.GeneoStudent.Testcases.Cover_Page_Change_Password_Test"/>
  <testcase name="Cover_Pg_Change_Password_Only_Current_Password_Input_Test" time="7.222" classname="Com.GeneoStudent.Testcases.Cover_Page_Change_Password_Test"/>
  <testcase name="Cover_Pg_Change_Password_Only_new_Password_Input_Test" time="6.57" classname="Com.GeneoStudent.Testcases.Cover_Page_Change_Password_Test"/>
  <testcase name="Cover_Pg_Change_Password_Only_confirm_Password_Input_Test" time="6.902" classname="Com.GeneoStudent.Testcases.Cover_Page_Change_Password_Test"/>
  <testcase name="Cover_Pg_Change_Password_Incorrect_Current_Password_Input_Test" time="6.801" classname="Com.GeneoStudent.Testcases.Cover_Page_Change_Password_Test"/>
</testsuite> <!-- Default test -->
