<?xml version="1.0" encoding="UTF-8"?>
<!-- Generated by org.testng.reporters.JUnitXMLReporter -->
<testsuite hostname="IETSMH02D098" ignored="9" name="Regression 1" tests="1" failures="0" timestamp="19 Mar 2018 14:37:41 GMT" time="36.088" errors="0">
  <testcase name="Cover_Pg_Change_Password_New_OLD_Pass_Mismatch_Input_Test" time="6.919" classname="Com.GeneoStudent.Testcases.Cover_Page_Change_Password_Test"/>
  <testcase name="Cover_Pg_Change_Password_Only_confirm_Password_Input_Test" time="0.0" classname="Com.GeneoStudent.Testcases.Cover_Page_Change_Password_Test">
    <ignored/>
  </testcase> <!-- Cover_Pg_Change_Password_Only_confirm_Password_Input_Test -->
  <testcase name="Cover_Pg_Change_Password_Blank_Input_Test" time="0.0" classname="Com.GeneoStudent.Testcases.Cover_Page_Change_Password_Test">
    <ignored/>
  </testcase> <!-- Cover_Pg_Change_Password_Blank_Input_Test -->
  <testcase name="Cover_Pg_Change_Password_Alert_Ok_Button_Test" time="0.0" classname="Com.GeneoStudent.Testcases.Cover_Page_Change_Password_Test">
    <ignored/>
  </testcase> <!-- Cover_Pg_Change_Password_Alert_Ok_Button_Test -->
  <testcase name="Cover_Pg_Change_Password_Incorrect_Current_Password_Input_Test" time="0.0" classname="Com.GeneoStudent.Testcases.Cover_Page_Change_Password_Test">
    <ignored/>
  </testcase> <!-- Cover_Pg_Change_Password_Incorrect_Current_Password_Input_Test -->
  <testcase name="Cover_Pg_Change_Password_Only_new_Password_Input_Test" time="0.0" classname="Com.GeneoStudent.Testcases.Cover_Page_Change_Password_Test">
    <ignored/>
  </testcase> <!-- Cover_Pg_Change_Password_Only_new_Password_Input_Test -->
  <testcase name="Cover_Pg_Change_Password_Cancel_button_Test" time="0.0" classname="Com.GeneoStudent.Testcases.Cover_Page_Change_Password_Test">
    <ignored/>
  </testcase> <!-- Cover_Pg_Change_Password_Cancel_button_Test -->
  <testcase name="Cover_Pg_Change_Password_Positive_Test" time="0.0" classname="Com.GeneoStudent.Testcases.Cover_Page_Change_Password_Test">
    <ignored/>
  </testcase> <!-- Cover_Pg_Change_Password_Positive_Test -->
  <testcase name="Cover_Pg_Change_Password_Incorrect_New_Password_Input_Test" time="0.0" classname="Com.GeneoStudent.Testcases.Cover_Page_Change_Password_Test">
    <ignored/>
  </testcase> <!-- Cover_Pg_Change_Password_Incorrect_New_Password_Input_Test -->
  <testcase name="Cover_Pg_Change_Password_Only_Current_Password_Input_Test" time="0.0" classname="Com.GeneoStudent.Testcases.Cover_Page_Change_Password_Test">
    <ignored/>
  </testcase> <!-- Cover_Pg_Change_Password_Only_Current_Password_Input_Test -->
</testsuite> <!-- Regression 1 -->
