<?xml version="1.0" encoding="UTF-8"?>
<!-- Generated by org.testng.reporters.JUnitXMLReporter -->
<testsuite hostname="IETSMH02D098" ignored="8" name="Regression 1" tests="1" failures="1" timestamp="16 Mar 2018 12:20:13 GMT" time="22.412" errors="0">
  <testcase name="Cover_Page_menu_Change_Password_Button_Test" time="4.206" classname="Com.GeneoStudent.Testcases.CoverPageTest">
    <failure type="java.lang.AssertionError" message="Change Password window Failed to open expected [false] but found [true]">
      <![CDATA[java.lang.AssertionError: Change Password window Failed to open expected [false] but found [true]
	at Com.GeneoStudent.Testcases.CoverPageTest.Cover_Page_menu_Change_Password_Button_Test(CoverPageTest.java:96)
	at java.util.concurrent.ThreadPoolExecutor.runWorker(Unknown Source)
	at java.util.concurrent.ThreadPoolExecutor$Worker.run(Unknown Source)
	at java.lang.Thread.run(Unknown Source)
... Removed 13 stack frames]]>
    </failure>
  </testcase> <!-- Cover_Page_menu_Change_Password_Button_Test -->
  <testcase name="Cover_Page_Resume_Button_Test" time="0.0" classname="Com.GeneoStudent.Testcases.CoverPageTest">
    <ignored/>
  </testcase> <!-- Cover_Page_Resume_Button_Test -->
  <testcase name="Cover_Page_SignOut_PopUp_Cancel_Button_Test" time="0.0" classname="Com.GeneoStudent.Testcases.CoverPageTest">
    <ignored/>
  </testcase> <!-- Cover_Page_SignOut_PopUp_Cancel_Button_Test -->
  <testcase name="Cover_Page_menu_My_profile_Button_Test" time="0.0" classname="Com.GeneoStudent.Testcases.CoverPageTest">
    <ignored/>
  </testcase> <!-- Cover_Page_menu_My_profile_Button_Test -->
  <testcase name="Cover_Page_SignOut_PopUp_60_sec_AutoSignOut_Test1" time="0.0" classname="Com.GeneoStudent.Testcases.CoverPageTest">
    <ignored/>
  </testcase> <!-- Cover_Page_SignOut_PopUp_60_sec_AutoSignOut_Test1 -->
  <testcase name="Cover_Page_Click_Test" time="0.0" classname="Com.GeneoStudent.Testcases.CoverPageTest">
    <ignored/>
  </testcase> <!-- Cover_Page_Click_Test -->
  <testcase name="Cover_Page_SignOut_PopUp_60_sec_AutoSignOut_Test2" time="0.0" classname="Com.GeneoStudent.Testcases.CoverPageTest">
    <ignored/>
  </testcase> <!-- Cover_Page_SignOut_PopUp_60_sec_AutoSignOut_Test2 -->
  <testcase name="Cover_Page_menu_Lock_Screen_Button_Test" time="0.0" classname="Com.GeneoStudent.Testcases.CoverPageTest">
    <ignored/>
  </testcase> <!-- Cover_Page_menu_Lock_Screen_Button_Test -->
  <testcase name="Cover_Page_SignOut_Button_Test" time="0.0" classname="Com.GeneoStudent.Testcases.CoverPageTest">
    <ignored/>
  </testcase> <!-- Cover_Page_SignOut_Button_Test -->
</testsuite> <!-- Regression 1 -->
