<?xml version="1.0" encoding="UTF-8"?>
<!-- Generated by org.testng.reporters.JUnitXMLReporter -->
<testsuite hostname="Atul" ignored="0" name="Test1" tests="2" failures="1" timestamp="03 Mar 2018 10:11:55 GMT" time="147.339" errors="0">
  <testcase name="loginPageTitleTest" time="0.019" classname="Com.GeneoStudent.Testcases.LoginPageTest">
    <failure type="java.lang.AssertionError" message="Login page title mismatched expected [Gene Student Login] but found [Geneo Student Login]">
      <![CDATA[java.lang.AssertionError: Login page title mismatched expected [Gene Student Login] but found [Geneo Student Login]
	at Com.GeneoStudent.Testcases.LoginPageTest.loginPageTitleTest(LoginPageTest.java:48)
	at java.util.concurrent.ThreadPoolExecutor.runWorker(Unknown Source)
	at java.util.concurrent.ThreadPoolExecutor$Worker.run(Unknown Source)
	at java.lang.Thread.run(Unknown Source)
... Removed 15 stack frames]]>
    </failure>
  </testcase> <!-- loginPageTitleTest -->
  <testcase name="LoginTest" time="0.436" classname="Com.GeneoStudent.Testcases.LoginPageTest"/>
</testsuite> <!-- Test1 -->
