<?xml version="1.0" encoding="UTF-8"?>
<testng-results skipped="0" failed="0" ignored="0" total="1" passed="1">
  <reporter-output>
  </reporter-output>
  <suite name="Default suite" duration-ms="121974" started-at="2018-03-15T12:39:25Z" finished-at="2018-03-15T12:41:27Z">
    <groups>
    </groups>
    <test name="Default test" duration-ms="121974" started-at="2018-03-15T12:39:25Z" finished-at="2018-03-15T12:41:27Z">
      <class name="Com.GeneoStudent.Testcases.Index_Page_Test">
        <test-method status="PASS" signature="setup()[pri:0, instance:Com.GeneoStudent.Testcases.Index_Page_Test@e45f292]" name="setup" is-config="true" duration-ms="59193" started-at="2018-03-15T18:09:25Z" finished-at="2018-03-15T18:10:24Z">
          <reporter-output>
          </reporter-output>
        </test-method> <!-- setup -->
        <test-method status="PASS" signature="Index_Page_SignOut_PopUp_60_sec_AutoSignOut_Test1()[pri:5, instance:Com.GeneoStudent.Testcases.Index_Page_Test@e45f292]" name="Index_Page_SignOut_PopUp_60_sec_AutoSignOut_Test1" duration-ms="62760" started-at="2018-03-15T18:10:24Z" finished-at="2018-03-15T18:11:27Z">
          <reporter-output>
          </reporter-output>
        </test-method> <!-- Index_Page_SignOut_PopUp_60_sec_AutoSignOut_Test1 -->
      </class> <!-- Com.GeneoStudent.Testcases.Index_Page_Test -->
    </test> <!-- Default test -->
  </suite> <!-- Default suite -->
</testng-results>
