<?xml version="1.0" encoding="UTF-8"?>
<testng-results skipped="0" failed="1" ignored="0" total="1" passed="0">
  <reporter-output>
  </reporter-output>
  <suite name="Default suite" duration-ms="76556" started-at="2018-03-08T18:20:03Z" finished-at="2018-03-08T18:21:19Z">
    <groups>
    </groups>
    <test name="Default test" duration-ms="76556" started-at="2018-03-08T18:20:03Z" finished-at="2018-03-08T18:21:19Z">
      <class name="Com.GeneoStudent.Testcases.LoginPageTest">
        <test-method status="PASS" signature="setUp()[pri:0, instance:Com.GeneoStudent.Testcases.LoginPageTest@57fffcd7]" name="setUp" is-config="true" duration-ms="71516" started-at="2018-03-08T23:50:03Z" finished-at="2018-03-08T23:51:14Z">
          <reporter-output>
          </reporter-output>
        </test-method> <!-- setUp -->
        <test-method status="FAIL" signature="Login_Blank_ID_Valid_Password_Test()[pri:5, instance:Com.GeneoStudent.Testcases.LoginPageTest@57fffcd7]" name="Login_Blank_ID_Valid_Password_Test" duration-ms="3830" started-at="2018-03-08T23:51:14Z" finished-at="2018-03-08T23:51:18Z">
          <exception class="java.lang.AssertionError">
            <message>
              <![CDATA[Pop up text does not match expected [Pleas enter valid Username and Password.] but found [Please enter valid Username and Password.]]]>
            </message>
            <full-stacktrace>
              <![CDATA[java.lang.AssertionError: Pop up text does not match expected [Pleas enter valid Username and Password.] but found [Please enter valid Username and Password.]
	at org.testng.Assert.fail(Assert.java:93)
	at org.testng.Assert.failNotEquals(Assert.java:512)
	at org.testng.Assert.assertEqualsImpl(Assert.java:134)
	at org.testng.Assert.assertEquals(Assert.java:115)
	at org.testng.Assert.assertEquals(Assert.java:189)
	at Com.GeneoStudent.Testcases.LoginPageTest.Login_Blank_ID_Valid_Password_Test(LoginPageTest.java:85)
	at sun.reflect.NativeMethodAccessorImpl.invoke0(Native Method)
	at sun.reflect.NativeMethodAccessorImpl.invoke(Unknown Source)
	at sun.reflect.DelegatingMethodAccessorImpl.invoke(Unknown Source)
	at java.lang.reflect.Method.invoke(Unknown Source)
	at org.testng.internal.MethodInvocationHelper.invokeMethod(MethodInvocationHelper.java:108)
	at org.testng.internal.Invoker.invokeMethod(Invoker.java:661)
	at org.testng.internal.Invoker.invokeTestMethod(Invoker.java:869)
	at org.testng.internal.Invoker.invokeTestMethods(Invoker.java:1193)
	at org.testng.internal.TestMethodWorker.invokeTestMethods(TestMethodWorker.java:126)
	at org.testng.internal.TestMethodWorker.run(TestMethodWorker.java:109)
	at org.testng.TestRunner.privateRun(TestRunner.java:744)
	at org.testng.TestRunner.run(TestRunner.java:602)
	at org.testng.SuiteRunner.runTest(SuiteRunner.java:380)
	at org.testng.SuiteRunner.runSequentially(SuiteRunner.java:375)
	at org.testng.SuiteRunner.privateRun(SuiteRunner.java:340)
	at org.testng.SuiteRunner.run(SuiteRunner.java:289)
	at org.testng.SuiteRunnerWorker.runSuite(SuiteRunnerWorker.java:52)
	at org.testng.SuiteRunnerWorker.run(SuiteRunnerWorker.java:86)
	at org.testng.TestNG.runSuitesSequentially(TestNG.java:1301)
	at org.testng.TestNG.runSuitesLocally(TestNG.java:1226)
	at org.testng.TestNG.runSuites(TestNG.java:1144)
	at org.testng.TestNG.run(TestNG.java:1115)
	at org.testng.remote.AbstractRemoteTestNG.run(AbstractRemoteTestNG.java:114)
	at org.testng.remote.RemoteTestNG.initAndRun(RemoteTestNG.java:251)
	at org.testng.remote.RemoteTestNG.main(RemoteTestNG.java:77)
]]>
            </full-stacktrace>
          </exception> <!-- java.lang.AssertionError -->
          <reporter-output>
          </reporter-output>
        </test-method> <!-- Login_Blank_ID_Valid_Password_Test -->
        <test-method status="PASS" signature="teardown(org.testng.ITestResult)[pri:0, instance:Com.GeneoStudent.Testcases.LoginPageTest@57fffcd7]" name="teardown" is-config="true" duration-ms="1185" started-at="2018-03-08T23:51:18Z" finished-at="2018-03-08T23:51:19Z">
          <params>
            <param index="0">
              <value>
                <![CDATA[[TestResult name=Login_Blank_ID_Valid_Password_Test status=FAILURE method=LoginPageTest.Login_Blank_ID_Valid_Password_Test()[pri:5, instance:Com.GeneoStudent.Testcases.LoginPageTest@57fffcd7] output={null}]]]>
              </value>
            </param>
          </params>
          <reporter-output>
          </reporter-output>
        </test-method> <!-- teardown -->
      </class> <!-- Com.GeneoStudent.Testcases.LoginPageTest -->
    </test> <!-- Default test -->
  </suite> <!-- Default suite -->
</testng-results>
